Arguments: 
  C:\Program Files\nodejs\node.exe C:\Program Files (x86)\Yarn\bin\yarn.js add ESLint

PATH: 
  D:\Program Files (x86)\NetSarang\Xshell 6\;C:\ProgramData\DockerDesktop\version-bin;C:\Program Files\Docker\Docker\Resources\bin;C:\Windows\system32;C:\Windows;C:\Windows\System32\Wbem;C:\Windows\System32\WindowsPowerShell\v1.0\;C:\Windows\System32\OpenSSH\;C:\Program Files\Microsoft VS Code\bin;D:\path;C:\Program Files\nodejs\;D:\Program Files\Git\cmd;C:\Program Files (x86)\Yarn\bin\;F:\download\ffmpeg-20190112-1ea5529-win64-static\ffmpeg-20190112-1ea5529-win64-static\bin\;C:\Users\juju\AppData\Local\Microsoft\WindowsApps;C:\Users\juju\Application Data\npm;C:\Program Files\Bandizip\;C:\Users\juju\Local Settings\Application Data\Yarn\bin;C:\Users\juju\Local Settings\Application Data\Programs\Fiddler

Yarn version: 
  1.12.3

Node version: 
  10.8.0

Platform: 
  win32 x64

Trace: 
  Error: https://registry.npm.taobao.org/ESLint: Not found
      at Request.params.callback [as _callback] (C:\Program Files (x86)\Yarn\lib\cli.js:65003:18)
      at Request.self.callback (C:\Program Files (x86)\Yarn\lib\cli.js:129018:22)
      at Request.emit (events.js:182:13)
      at Request.<anonymous> (C:\Program Files (x86)\Yarn\lib\cli.js:129990:10)
      at Request.emit (events.js:182:13)
      at IncomingMessage.<anonymous> (C:\Program Files (x86)\Yarn\lib\cli.js:129912:12)
      at Object.onceWrapper (events.js:273:13)
      at IncomingMessage.emit (events.js:187:15)
      at endReadableNT (_stream_readable.js:1081:12)
      at process._tickCallback (internal/process/next_tick.js:63:19)

npm manifest: 
  {
    "name": "redis-queue",
    "version": "1.0.0",
    "description": "",
    "main": "index.js",
    "scripts": {
      "test": "npm run test"
    },
    "repository": {
      "type": "git",
      "url": "init"
    },
    "keywords": [
      "redis",
      "queue"
    ],
    "author": "juju",
    "license": "ISC",
    "dependencies": {
      "eslint-plugin-prettier": "^3.0.1",
      "ioredis": "^4.6.2"
    }
  }

yarn manifest: 
  No manifest

Lockfile: 
  # THIS IS AN AUTOGENERATED FILE. DO NOT EDIT THIS FILE DIRECTLY.
  # yarn lockfile v1
  
  
  cluster-key-slot@^1.0.6:
    version "1.0.12"
    resolved "http://registry.npm.taobao.org/cluster-key-slot/download/cluster-key-slot-1.0.12.tgz#d5deff2a520717bc98313979b687309b2d368e29"
    integrity sha1-1d7/KlIHF7yYMTl5tocwmy02jik=
  
  debug@^3.1.0:
    version "3.2.6"
    resolved "http://registry.npm.taobao.org/debug/download/debug-3.2.6.tgz#e83d17de16d8a7efb7717edbe5fb10135eee629b"
    integrity sha1-6D0X3hbYp++3cX7b5fsQE17uYps=
    dependencies:
      ms "^2.1.1"
  
  denque@^1.1.0:
    version "1.4.0"
    resolved "http://registry.npm.taobao.org/denque/download/denque-1.4.0.tgz#79e2f0490195502107f24d9553f374837dabc916"
    integrity sha1-eeLwSQGVUCEH8k2VU/N0g32ryRY=
  
  eslint-plugin-prettier@^3.0.1:
    version "3.0.1"
    resolved "http://registry.npm.taobao.org/eslint-plugin-prettier/download/eslint-plugin-prettier-3.0.1.tgz#19d521e3981f69dd6d14f64aec8c6a6ac6eb0b0d"
    integrity sha1-GdUh45gfad1tFPZK7IxqasbrCw0=
    dependencies:
      prettier-linter-helpers "^1.0.0"
  
  fast-diff@^1.1.2:
    version "1.2.0"
    resolved "http://registry.npm.taobao.org/fast-diff/download/fast-diff-1.2.0.tgz#73ee11982d86caaf7959828d519cfe927fac5f03"
    integrity sha1-c+4RmC2Gyq95WYKNUZz+kn+sXwM=
  
  flexbuffer@0.0.6:
    version "0.0.6"
    resolved "http://registry.npm.taobao.org/flexbuffer/download/flexbuffer-0.0.6.tgz#039fdf23f8823e440c38f3277e6fef1174215b30"
    integrity sha1-A5/fI/iCPkQMOPMnfm/vEXQhWzA=
  
  ioredis@^4.6.2:
    version "4.6.2"
    resolved "http://registry.npm.taobao.org/ioredis/download/ioredis-4.6.2.tgz#840847117fe0190a9309085847311a07183fc385"
    integrity sha1-hAhHEX/gGQqTCQhYRzEaBxg/w4U=
    dependencies:
      cluster-key-slot "^1.0.6"
      debug "^3.1.0"
      denque "^1.1.0"
      flexbuffer "0.0.6"
      lodash.defaults "^4.2.0"
      lodash.flatten "^4.4.0"
      redis-commands "1.4.0"
      redis-errors "^1.2.0"
      redis-parser "^3.0.0"
      standard-as-callback "^1.0.0"
  
  lodash.defaults@^4.2.0:
    version "4.2.0"
    resolved "http://registry.npm.taobao.org/lodash.defaults/download/lodash.defaults-4.2.0.tgz#d09178716ffea4dde9e5fb7b37f6f0802274580c"
    integrity sha1-0JF4cW/+pN3p5ft7N/bwgCJ0WAw=
  
  lodash.flatten@^4.4.0:
    version "4.4.0"
    resolved "http://registry.npm.taobao.org/lodash.flatten/download/lodash.flatten-4.4.0.tgz#f31c22225a9632d2bbf8e4addbef240aa765a61f"
    integrity sha1-8xwiIlqWMtK7+OSt2+8kCqdlph8=
  
  ms@^2.1.1:
    version "2.1.1"
    resolved "http://registry.npm.taobao.org/ms/download/ms-2.1.1.tgz#30a5864eb3ebb0a66f2ebe6d727af06a09d86e0a"
    integrity sha1-MKWGTrPrsKZvLr5tcnrwagnYbgo=
  
  prettier-linter-helpers@^1.0.0:
    version "1.0.0"
    resolved "http://registry.npm.taobao.org/prettier-linter-helpers/download/prettier-linter-helpers-1.0.0.tgz#d23d41fe1375646de2d0104d3454a3008802cf7b"
    integrity sha1-0j1B/hN1ZG3i0BBNNFSjAIgCz3s=
    dependencies:
      fast-diff "^1.1.2"
  
  redis-commands@1.4.0:
    version "1.4.0"
    resolved "http://registry.npm.taobao.org/redis-commands/download/redis-commands-1.4.0.tgz#52f9cf99153efcce56a8f86af986bd04e988602f"
    integrity sha1-UvnPmRU+/M5WqPhq+Ya9BOmIYC8=
  
  redis-errors@^1.0.0, redis-errors@^1.2.0:
    version "1.2.0"
    resolved "http://registry.npm.taobao.org/redis-errors/download/redis-errors-1.2.0.tgz#eb62d2adb15e4eaf4610c04afe1529384250abad"
    integrity sha1-62LSrbFeTq9GEMBK/hUpOEJQq60=
  
  redis-parser@^3.0.0:
    version "3.0.0"
    resolved "http://registry.npm.taobao.org/redis-parser/download/redis-parser-3.0.0.tgz#b66d828cdcafe6b4b8a428a7def4c6bcac31c8b4"
    integrity sha1-tm2CjNyv5rS4pCin3vTGvKwxyLQ=
    dependencies:
      redis-errors "^1.0.0"
  
  standard-as-callback@^1.0.0:
    version "1.0.2"
    resolved "http://registry.npm.taobao.org/standard-as-callback/download/standard-as-callback-1.0.2.tgz#d0813289db00f8bd5e0f29e74744cb63706707c8"
    integrity sha1-0IEyidsA+L1eDynnR0TLY3BnB8g=
